2019-01-23 23:31:21.725 [restartedMain] appName INFO  com.nrsc.logger.LoggerApplication 50 - Starting LoggerApplication on LAPTOP-V7UUU6JC with PID 11200 (F:\Study\JavaStudy\UseIdea\Logger\target\classes started by 27242 in F:\Study\JavaStudy\UseIdea\Logger)
2019-01-23 23:31:21.730 [restartedMain] appName INFO  com.nrsc.logger.LoggerApplication 679 - The following profiles are active: dev
2019-01-23 23:31:21.775 [restartedMain] appName INFO  org.springframework.boot.devtools.env.DevToolsPropertyDefaultsPostProcessor 227 - Devtools property defaults active! Set 'spring.devtools.add-properties' to 'false' to disable
2019-01-23 23:31:21.775 [restartedMain] appName INFO  org.springframework.boot.devtools.env.DevToolsPropertyDefaultsPostProcessor 227 - For additional web related logging consider setting the 'logging.level.web' property to 'DEBUG'
2019-01-23 23:31:22.751 [restartedMain] appName INFO  org.springframework.boot.web.embedded.tomcat.TomcatWebServer 90 - Tomcat initialized with port(s): 8080 (http)
2019-01-23 23:31:22.774 [restartedMain] appName INFO  org.apache.coyote.http11.Http11NioProtocol 173 - Initializing ProtocolHandler ["http-nio-8080"]
2019-01-23 23:31:22.787 [restartedMain] appName INFO  org.apache.catalina.core.StandardService 173 - Starting service [Tomcat]
2019-01-23 23:31:22.787 [restartedMain] appName INFO  org.apache.catalina.core.StandardEngine 173 - Starting Servlet engine: [Apache Tomcat/9.0.14]
2019-01-23 23:31:22.795 [restartedMain] appName INFO  org.apache.catalina.core.AprLifecycleListener 173 - The APR based Apache Tomcat Native library which allows optimal performance in production environments was not found on the java.library.path: [C:\Program Files\Java\jdk1.8.0_191\bin;C:\windows\Sun\Java\bin;C:\windows\system32;C:\windows;C:\windows\system32;C:\windows;C:\windows\System32\Wbem;C:\windows\System32\WindowsPowerShell\v1.0\;C:\windows\System32\OpenSSH\;C:\Program Files (x86)\NVIDIA Corporation\PhysX\Common;C:\Program Files\Intel\WiFi\bin\;C:\Program Files\Common Files\Intel\WirelessCommon\;C:\Program Files\Java\jdk1.8.0_191\bin;C:\Program Files\Git\cmd;D:\software\pro\mysql-8.0.13-winx64\bin;D:\software\pro\maven\apache-maven-3.5.3-bin\apache-maven-3.5.3\bin;C:\Program Files\nodejs\;C:\Users\27242\AppData\Local\Microsoft\WindowsApps;C:\Users\27242\AppData\Roaming\npm;C:\Users\27242\AppData\Local\Programs\Microsoft VS Code\bin;.]
2019-01-23 23:31:22.894 [restartedMain] appName INFO  org.apache.catalina.core.ContainerBase.[Tomcat].[localhost].[/] 173 - Initializing Spring embedded WebApplicationContext
2019-01-23 23:31:22.894 [restartedMain] appName INFO  org.springframework.web.context.ContextLoader 296 - Root WebApplicationContext: initialization completed in 1119 ms
2019-01-23 23:31:23.072 [restartedMain] appName INFO  org.springframework.scheduling.concurrent.ThreadPoolTaskExecutor 171 - Initializing ExecutorService 'applicationTaskExecutor'
2019-01-23 23:31:23.186 [restartedMain] appName INFO  org.springframework.boot.devtools.autoconfigure.OptionalLiveReloadServer 57 - LiveReload server is running on port 35729
2019-01-23 23:31:23.207 [restartedMain] appName INFO  org.apache.coyote.http11.Http11NioProtocol 173 - Starting ProtocolHandler ["http-nio-8080"]
2019-01-23 23:31:23.287 [restartedMain] appName INFO  org.springframework.boot.web.embedded.tomcat.TomcatWebServer 204 - Tomcat started on port(s): 8080 (http) with context path ''
2019-01-23 23:31:23.287 [restartedMain] appName INFO  com.nrsc.logger.LoggerApplication 59 - Started LoggerApplication in 2.229 seconds (JVM running for 3.17)
2019-01-23 23:31:50.622 [restartedMain] appName INFO  com.nrsc.logger.LoggerApplication 50 - Starting LoggerApplication on LAPTOP-V7UUU6JC with PID 10000 (F:\Study\JavaStudy\UseIdea\Logger\target\classes started by 27242 in F:\Study\JavaStudy\UseIdea\Logger)
2019-01-23 23:31:50.622 [restartedMain] appName INFO  com.nrsc.logger.LoggerApplication 679 - The following profiles are active: dev
2019-01-23 23:31:50.654 [restartedMain] appName INFO  org.springframework.boot.devtools.env.DevToolsPropertyDefaultsPostProcessor 227 - Devtools property defaults active! Set 'spring.devtools.add-properties' to 'false' to disable
2019-01-23 23:31:50.654 [restartedMain] appName INFO  org.springframework.boot.devtools.env.DevToolsPropertyDefaultsPostProcessor 227 - For additional web related logging consider setting the 'logging.level.web' property to 'DEBUG'
2019-01-23 23:31:51.530 [restartedMain] appName INFO  org.springframework.boot.web.embedded.tomcat.TomcatWebServer 90 - Tomcat initialized with port(s): 8080 (http)
2019-01-23 23:31:51.546 [restartedMain] appName INFO  org.apache.coyote.http11.Http11NioProtocol 173 - Initializing ProtocolHandler ["http-nio-8080"]
2019-01-23 23:31:51.546 [restartedMain] appName INFO  org.apache.catalina.core.StandardService 173 - Starting service [Tomcat]
2019-01-23 23:31:51.546 [restartedMain] appName INFO  org.apache.catalina.core.StandardEngine 173 - Starting Servlet engine: [Apache Tomcat/9.0.14]
2019-01-23 23:31:51.546 [restartedMain] appName INFO  org.apache.catalina.core.AprLifecycleListener 173 - The APR based Apache Tomcat Native library which allows optimal performance in production environments was not found on the java.library.path: [C:\Program Files\Java\jdk1.8.0_191\bin;C:\windows\Sun\Java\bin;C:\windows\system32;C:\windows;C:\windows\system32;C:\windows;C:\windows\System32\Wbem;C:\windows\System32\WindowsPowerShell\v1.0\;C:\windows\System32\OpenSSH\;C:\Program Files (x86)\NVIDIA Corporation\PhysX\Common;C:\Program Files\Intel\WiFi\bin\;C:\Program Files\Common Files\Intel\WirelessCommon\;C:\Program Files\Java\jdk1.8.0_191\bin;C:\Program Files\Git\cmd;D:\software\pro\mysql-8.0.13-winx64\bin;D:\software\pro\maven\apache-maven-3.5.3-bin\apache-maven-3.5.3\bin;C:\Program Files\nodejs\;C:\Users\27242\AppData\Local\Microsoft\WindowsApps;C:\Users\27242\AppData\Roaming\npm;C:\Users\27242\AppData\Local\Programs\Microsoft VS Code\bin;.]
2019-01-23 23:31:51.628 [restartedMain] appName INFO  org.apache.catalina.core.ContainerBase.[Tomcat].[localhost].[/] 173 - Initializing Spring embedded WebApplicationContext
2019-01-23 23:31:51.628 [restartedMain] appName INFO  org.springframework.web.context.ContextLoader 296 - Root WebApplicationContext: initialization completed in 974 ms
2019-01-23 23:31:51.775 [restartedMain] appName INFO  org.springframework.scheduling.concurrent.ThreadPoolTaskExecutor 171 - Initializing ExecutorService 'applicationTaskExecutor'
2019-01-23 23:31:51.894 [restartedMain] appName INFO  org.springframework.boot.devtools.autoconfigure.OptionalLiveReloadServer 57 - LiveReload server is running on port 35729
2019-01-23 23:31:51.912 [restartedMain] appName INFO  org.apache.coyote.http11.Http11NioProtocol 173 - Starting ProtocolHandler ["http-nio-8080"]
2019-01-23 23:31:51.928 [restartedMain] appName INFO  org.springframework.boot.web.embedded.tomcat.TomcatWebServer 204 - Tomcat started on port(s): 8080 (http) with context path ''
2019-01-23 23:31:51.928 [restartedMain] appName INFO  com.nrsc.logger.LoggerApplication 59 - Started LoggerApplication in 1.849 seconds (JVM running for 2.727)
2019-01-23 23:32:24.036 [http-nio-8080-exec-1] appName INFO  org.apache.catalina.core.ContainerBase.[Tomcat].[localhost].[/] 173 - Initializing Spring DispatcherServlet 'dispatcherServlet'
2019-01-23 23:32:24.036 [http-nio-8080-exec-1] appName INFO  org.springframework.web.servlet.DispatcherServlet 524 - Initializing Servlet 'dispatcherServlet'
2019-01-23 23:32:24.041 [http-nio-8080-exec-1] appName INFO  org.springframework.web.servlet.DispatcherServlet 546 - Completed initialization in 5 ms
2019-01-23 23:32:29.307 [http-nio-8080-exec-2] appName INFO  com.nrsc.logger.controller.LoggerTest 23 - info
2019-01-23 23:34:23.742 [restartedMain] appName INFO  com.nrsc.logger.LoggerApplication 50 - Starting LoggerApplication on LAPTOP-V7UUU6JC with PID 2340 (F:\Study\JavaStudy\UseIdea\Logger\target\classes started by 27242 in F:\Study\JavaStudy\UseIdea\Logger)
2019-01-23 23:34:23.742 [restartedMain] appName INFO  com.nrsc.logger.LoggerApplication 679 - The following profiles are active: dev
2019-01-23 23:34:23.793 [restartedMain] appName INFO  org.springframework.boot.devtools.env.DevToolsPropertyDefaultsPostProcessor 227 - Devtools property defaults active! Set 'spring.devtools.add-properties' to 'false' to disable
2019-01-23 23:34:23.793 [restartedMain] appName INFO  org.springframework.boot.devtools.env.DevToolsPropertyDefaultsPostProcessor 227 - For additional web related logging consider setting the 'logging.level.web' property to 'DEBUG'
2019-01-23 23:34:24.794 [restartedMain] appName INFO  org.springframework.boot.web.embedded.tomcat.TomcatWebServer 90 - Tomcat initialized with port(s): 8080 (http)
2019-01-23 23:34:24.810 [restartedMain] appName INFO  org.apache.coyote.http11.Http11NioProtocol 173 - Initializing ProtocolHandler ["http-nio-8080"]
2019-01-23 23:34:24.810 [restartedMain] appName INFO  org.apache.catalina.core.StandardService 173 - Starting service [Tomcat]
2019-01-23 23:34:24.810 [restartedMain] appName INFO  org.apache.catalina.core.StandardEngine 173 - Starting Servlet engine: [Apache Tomcat/9.0.14]
2019-01-23 23:34:24.810 [restartedMain] appName INFO  org.apache.catalina.core.AprLifecycleListener 173 - The APR based Apache Tomcat Native library which allows optimal performance in production environments was not found on the java.library.path: [C:\Program Files\Java\jdk1.8.0_191\bin;C:\windows\Sun\Java\bin;C:\windows\system32;C:\windows;C:\windows\system32;C:\windows;C:\windows\System32\Wbem;C:\windows\System32\WindowsPowerShell\v1.0\;C:\windows\System32\OpenSSH\;C:\Program Files (x86)\NVIDIA Corporation\PhysX\Common;C:\Program Files\Intel\WiFi\bin\;C:\Program Files\Common Files\Intel\WirelessCommon\;C:\Program Files\Java\jdk1.8.0_191\bin;C:\Program Files\Git\cmd;D:\software\pro\mysql-8.0.13-winx64\bin;D:\software\pro\maven\apache-maven-3.5.3-bin\apache-maven-3.5.3\bin;C:\Program Files\nodejs\;C:\Users\27242\AppData\Local\Microsoft\WindowsApps;C:\Users\27242\AppData\Roaming\npm;C:\Users\27242\AppData\Local\Programs\Microsoft VS Code\bin;.]
2019-01-23 23:34:24.901 [restartedMain] appName INFO  org.apache.catalina.core.ContainerBase.[Tomcat].[localhost].[/] 173 - Initializing Spring embedded WebApplicationContext
2019-01-23 23:34:24.901 [restartedMain] appName INFO  org.springframework.web.context.ContextLoader 296 - Root WebApplicationContext: initialization completed in 1108 ms
2019-01-23 23:34:25.112 [restartedMain] appName INFO  org.springframework.scheduling.concurrent.ThreadPoolTaskExecutor 171 - Initializing ExecutorService 'applicationTaskExecutor'
2019-01-23 23:34:25.208 [restartedMain] appName INFO  org.springframework.boot.devtools.autoconfigure.OptionalLiveReloadServer 57 - LiveReload server is running on port 35729
2019-01-23 23:34:25.224 [restartedMain] appName INFO  org.apache.coyote.http11.Http11NioProtocol 173 - Starting ProtocolHandler ["http-nio-8080"]
2019-01-23 23:34:25.256 [restartedMain] appName INFO  org.springframework.boot.web.embedded.tomcat.TomcatWebServer 204 - Tomcat started on port(s): 8080 (http) with context path ''
2019-01-23 23:34:25.256 [restartedMain] appName INFO  com.nrsc.logger.LoggerApplication 59 - Started LoggerApplication in 2.051 seconds (JVM running for 2.974)
2019-01-23 23:36:21.600 [restartedMain] appName INFO  com.nrsc.logger.LoggerApplication 50 - Starting LoggerApplication on LAPTOP-V7UUU6JC with PID 11512 (F:\Study\JavaStudy\UseIdea\Logger\target\classes started by 27242 in F:\Study\JavaStudy\UseIdea\Logger)
2019-01-23 23:36:21.604 [restartedMain] appName INFO  com.nrsc.logger.LoggerApplication 679 - The following profiles are active: dev
2019-01-23 23:36:21.652 [restartedMain] appName INFO  org.springframework.boot.devtools.env.DevToolsPropertyDefaultsPostProcessor 227 - Devtools property defaults active! Set 'spring.devtools.add-properties' to 'false' to disable
2019-01-23 23:36:21.652 [restartedMain] appName INFO  org.springframework.boot.devtools.env.DevToolsPropertyDefaultsPostProcessor 227 - For additional web related logging consider setting the 'logging.level.web' property to 'DEBUG'
2019-01-23 23:36:22.729 [restartedMain] appName INFO  org.springframework.boot.web.embedded.tomcat.TomcatWebServer 90 - Tomcat initialized with port(s): 8080 (http)
2019-01-23 23:36:22.739 [restartedMain] appName INFO  org.apache.coyote.http11.Http11NioProtocol 173 - Initializing ProtocolHandler ["http-nio-8080"]
2019-01-23 23:36:22.745 [restartedMain] appName INFO  org.apache.catalina.core.StandardService 173 - Starting service [Tomcat]
2019-01-23 23:36:22.746 [restartedMain] appName INFO  org.apache.catalina.core.StandardEngine 173 - Starting Servlet engine: [Apache Tomcat/9.0.14]
2019-01-23 23:36:22.753 [restartedMain] appName INFO  org.apache.catalina.core.AprLifecycleListener 173 - The APR based Apache Tomcat Native library which allows optimal performance in production environments was not found on the java.library.path: [C:\Program Files\Java\jdk1.8.0_191\bin;C:\windows\Sun\Java\bin;C:\windows\system32;C:\windows;C:\windows\system32;C:\windows;C:\windows\System32\Wbem;C:\windows\System32\WindowsPowerShell\v1.0\;C:\windows\System32\OpenSSH\;C:\Program Files (x86)\NVIDIA Corporation\PhysX\Common;C:\Program Files\Intel\WiFi\bin\;C:\Program Files\Common Files\Intel\WirelessCommon\;C:\Program Files\Java\jdk1.8.0_191\bin;C:\Program Files\Git\cmd;D:\software\pro\mysql-8.0.13-winx64\bin;D:\software\pro\maven\apache-maven-3.5.3-bin\apache-maven-3.5.3\bin;C:\Program Files\nodejs\;C:\Users\27242\AppData\Local\Microsoft\WindowsApps;C:\Users\27242\AppData\Roaming\npm;C:\Users\27242\AppData\Local\Programs\Microsoft VS Code\bin;.]
2019-01-23 23:36:22.835 [restartedMain] appName INFO  org.apache.catalina.core.ContainerBase.[Tomcat].[localhost].[/] 173 - Initializing Spring embedded WebApplicationContext
2019-01-23 23:36:22.835 [restartedMain] appName INFO  org.springframework.web.context.ContextLoader 296 - Root WebApplicationContext: initialization completed in 1183 ms
2019-01-23 23:36:23.015 [restartedMain] appName INFO  org.springframework.scheduling.concurrent.ThreadPoolTaskExecutor 171 - Initializing ExecutorService 'applicationTaskExecutor'
2019-01-23 23:36:23.151 [restartedMain] appName INFO  org.springframework.boot.devtools.autoconfigure.OptionalLiveReloadServer 57 - LiveReload server is running on port 35729
2019-01-23 23:36:23.170 [restartedMain] appName INFO  org.apache.coyote.http11.Http11NioProtocol 173 - Starting ProtocolHandler ["http-nio-8080"]
2019-01-23 23:36:23.191 [restartedMain] appName INFO  org.springframework.boot.web.embedded.tomcat.TomcatWebServer 204 - Tomcat started on port(s): 8080 (http) with context path ''
2019-01-23 23:36:23.193 [restartedMain] appName INFO  com.nrsc.logger.LoggerApplication 59 - Started LoggerApplication in 2.21 seconds (JVM running for 3.239)
2019-01-23 23:39:38.098 [restartedMain] appName INFO  com.nrsc.logger.LoggerApplication 50 - Starting LoggerApplication on LAPTOP-V7UUU6JC with PID 304 (F:\Study\JavaStudy\UseIdea\Logger\target\classes started by 27242 in F:\Study\JavaStudy\UseIdea\Logger)
2019-01-23 23:39:38.098 [restartedMain] appName INFO  com.nrsc.logger.LoggerApplication 679 - The following profiles are active: dev
2019-01-23 23:39:38.140 [restartedMain] appName INFO  org.springframework.boot.devtools.env.DevToolsPropertyDefaultsPostProcessor 227 - Devtools property defaults active! Set 'spring.devtools.add-properties' to 'false' to disable
2019-01-23 23:39:38.140 [restartedMain] appName INFO  org.springframework.boot.devtools.env.DevToolsPropertyDefaultsPostProcessor 227 - For additional web related logging consider setting the 'logging.level.web' property to 'DEBUG'
2019-01-23 23:39:39.193 [restartedMain] appName INFO  org.springframework.boot.web.embedded.tomcat.TomcatWebServer 90 - Tomcat initialized with port(s): 8080 (http)
2019-01-23 23:39:39.209 [restartedMain] appName INFO  org.apache.coyote.http11.Http11NioProtocol 173 - Initializing ProtocolHandler ["http-nio-8080"]
2019-01-23 23:39:39.209 [restartedMain] appName INFO  org.apache.catalina.core.StandardService 173 - Starting service [Tomcat]
2019-01-23 23:39:39.209 [restartedMain] appName INFO  org.apache.catalina.core.StandardEngine 173 - Starting Servlet engine: [Apache Tomcat/9.0.14]
2019-01-23 23:39:39.225 [restartedMain] appName INFO  org.apache.catalina.core.AprLifecycleListener 173 - The APR based Apache Tomcat Native library which allows optimal performance in production environments was not found on the java.library.path: [C:\Program Files\Java\jdk1.8.0_191\bin;C:\windows\Sun\Java\bin;C:\windows\system32;C:\windows;C:\windows\system32;C:\windows;C:\windows\System32\Wbem;C:\windows\System32\WindowsPowerShell\v1.0\;C:\windows\System32\OpenSSH\;C:\Program Files (x86)\NVIDIA Corporation\PhysX\Common;C:\Program Files\Intel\WiFi\bin\;C:\Program Files\Common Files\Intel\WirelessCommon\;C:\Program Files\Java\jdk1.8.0_191\bin;C:\Program Files\Git\cmd;D:\software\pro\mysql-8.0.13-winx64\bin;D:\software\pro\maven\apache-maven-3.5.3-bin\apache-maven-3.5.3\bin;C:\Program Files\nodejs\;C:\Users\27242\AppData\Local\Microsoft\WindowsApps;C:\Users\27242\AppData\Roaming\npm;C:\Users\27242\AppData\Local\Programs\Microsoft VS Code\bin;.]
2019-01-23 23:39:39.293 [restartedMain] appName INFO  org.apache.catalina.core.ContainerBase.[Tomcat].[localhost].[/] 173 - Initializing Spring embedded WebApplicationContext
2019-01-23 23:39:39.293 [restartedMain] appName INFO  org.springframework.web.context.ContextLoader 296 - Root WebApplicationContext: initialization completed in 1153 ms
2019-01-23 23:39:39.457 [restartedMain] appName INFO  org.springframework.scheduling.concurrent.ThreadPoolTaskExecutor 171 - Initializing ExecutorService 'applicationTaskExecutor'
2019-01-23 23:39:39.557 [restartedMain] appName INFO  org.springframework.boot.devtools.autoconfigure.OptionalLiveReloadServer 57 - LiveReload server is running on port 35729
2019-01-23 23:39:39.574 [restartedMain] appName INFO  org.apache.coyote.http11.Http11NioProtocol 173 - Starting ProtocolHandler ["http-nio-8080"]
2019-01-23 23:39:39.590 [restartedMain] appName INFO  org.springframework.boot.web.embedded.tomcat.TomcatWebServer 204 - Tomcat started on port(s): 8080 (http) with context path ''
2019-01-23 23:39:39.606 [restartedMain] appName INFO  com.nrsc.logger.LoggerApplication 59 - Started LoggerApplication in 2.039 seconds (JVM running for 2.966)
2019-01-23 23:40:09.704 [http-nio-8080-exec-1] appName INFO  org.apache.catalina.core.ContainerBase.[Tomcat].[localhost].[/] 173 - Initializing Spring DispatcherServlet 'dispatcherServlet'
2019-01-23 23:40:09.704 [http-nio-8080-exec-1] appName INFO  org.springframework.web.servlet.DispatcherServlet 524 - Initializing Servlet 'dispatcherServlet'
2019-01-23 23:40:09.708 [http-nio-8080-exec-1] appName INFO  org.springframework.web.servlet.DispatcherServlet 546 - Completed initialization in 4 ms
2019-01-23 23:40:09.725 [http-nio-8080-exec-1] appName INFO  com.nrsc.logger.controller.LoggerTest 23 - info
